[0m17:08:52.078785 [debug] [MainThread]: Sending event: {'category': 'dbt', 'action': 'invocation', 'label': 'start', 'context': [<snowplow_tracker.self_describing_json.SelfDescribingJson object at 0x000001C67032C980>, <snowplow_tracker.self_describing_json.SelfDescribingJson object at 0x000001C66DE0C890>, <snowplow_tracker.self_describing_json.SelfDescribingJson object at 0x000001C66E3FFFE0>]}


============================== 17:08:52.085781 | b203299a-f919-491e-b276-dfe1d5fbc143 ==============================
[0m17:08:52.085781 [info ] [MainThread]: Running with dbt=1.9.2
[0m17:08:52.087791 [debug] [MainThread]: running dbt with arguments {'printer_width': '80', 'indirect_selection': 'eager', 'write_json': 'True', 'log_cache_events': 'False', 'partial_parse': 'True', 'cache_selected_only': 'False', 'profiles_dir': 'C:\\Users\\Dagi\\.dbt', 'version_check': 'True', 'fail_fast': 'False', 'log_path': 'logs', 'debug': 'False', 'warn_error': 'None', 'use_colors': 'True', 'use_experimental_parser': 'False', 'no_print': 'None', 'quiet': 'False', 'empty': 'None', 'warn_error_options': 'WarnErrorOptions(include=[], exclude=[])', 'introspect': 'True', 'static_parser': 'True', 'invocation_command': 'dbt init data_house', 'target_path': 'None', 'log_format': 'default', 'send_anonymous_usage_stats': 'True'}
[0m17:08:52.146786 [debug] [MainThread]: Starter project path: C:\Users\Dagi\Documents\KAIM\week-7\Ethiopian-Medical-DataWarehouse\week-7\Lib\site-packages\dbt\include\starter_project
[0m17:08:52.316191 [info ] [MainThread]: 
Your new dbt project "data_house" was created!

For more information on how to configure the profiles.yml file,
please consult the dbt documentation here:

  https://docs.getdbt.com/docs/configure-your-profile

One more thing:

Need help? Don't hesitate to reach out to us via GitHub issues or on Slack:

  https://community.getdbt.com/

Happy modeling!

[0m17:08:52.330175 [info ] [MainThread]: Setting up your profile.
[0m17:12:12.441254 [info ] [MainThread]: Profile data_house written to C:\Users\Dagi\.dbt\profiles.yml using target's profile_template.yml and your supplied values. Run 'dbt debug' to validate the connection.
[0m17:12:12.444262 [debug] [MainThread]: Command `dbt init` succeeded at 17:12:12.444262 after 200.78 seconds
[0m17:12:12.445267 [debug] [MainThread]: Sending event: {'category': 'dbt', 'action': 'invocation', 'label': 'end', 'context': [<snowplow_tracker.self_describing_json.SelfDescribingJson object at 0x000001C6700D1220>, <snowplow_tracker.self_describing_json.SelfDescribingJson object at 0x000001C6700D0C50>, <snowplow_tracker.self_describing_json.SelfDescribingJson object at 0x000001C6700D3620>]}
[0m17:12:12.445267 [debug] [MainThread]: Flushing usage events
[0m17:12:15.485738 [debug] [MainThread]: An error was encountered while trying to flush usage events
